<?xml version="1.0" encoding="UTF-8"?>
<testsuite xmlns:xsi="http://www.w3.org/2001/XMLSchema-instance" xsi:schemaLocation="https://maven.apache.org/surefire/maven-surefire-plugin/xsd/surefire-test-report.xsd" name="ReadData.ReadDataTest" time="0.51" tests="2" errors="0" skipped="0" failures="0">
  <properties>
[...]
</properties>
  <testcase name="ReadData.ReadDataTest.testReadDataNineNode" classname="ReadData.ReadDataTest" time="0.437"/>
  <testcase name="ReadData.ReadDataTest.testReadDataBraess" classname="ReadData.ReadDataTest" time="0.073"/>
</testsuite>